#
# A fatal error has been detected by the Java Runtime Environment:
#
#  EXCEPTION_ACCESS_VIOLATION (0xc0000005) at pc=0x000000005bd6ca34, pid=3392, tid=0x00000000000013b8
#
# JRE version: OpenJDK Runtime Environment (8.0_152-b01) (build 1.8.0_152-release-1343-b01)
# Java VM: OpenJDK 64-Bit Server VM (25.152-b01 mixed mode windows-amd64 compressed oops)
# Problematic frame:
# V  [jvm.dll+0x52ca34]
#
# Failed to write core dump. Minidumps are not enabled by default on client versions of Windows
#
# If you would like to submit a bug report, please visit:
#   http://bugreport.java.com/bugreport/crash.jsp
#

---------------  T H R E A D  ---------------

Current thread (0x000000001c008000):  JavaThread "RMI TCP Connection(39)-127.0.0.1" daemon [_thread_in_vm, id=5048, stack(0x00000000217c0000,0x00000000218c0000)]

siginfo: ExceptionCode=0xc0000005, reading address 0x0000000000000020

Registers:
RAX=0x0000000000000000, RBX=0x00000000150273d8, RCX=0x00000000150273d8, RDX=0x00000001000447c0
RSP=0x00000000218bae68, RBP=0x00000000218bafa0, RSI=0x0000000000000000, RDI=0x00000000218baf38
R8 =0x0000000000000001, R9 =0x0000000000000001, R10=0x000000001eb1bc50, R11=0x000000001eb1bc50
R12=0x000000001c008000, R13=0x000000001c008000, R14=0x00000000150273d8, R15=0x0000000017d31900
RIP=0x000000005bd6ca34, EFLAGS=0x0000000000010202

Top of Stack: (sp=0x00000000218bae68)
0x00000000218bae68:   000000005b8ad095 000000001ae23a50
0x00000000218bae78:   000000001ae23a40 000000001c008000
0x00000000218bae88:   0000000017d31900 00000000150273d8
0x00000000218bae98:   000000005ba481af 00000001000447c0
0x00000000218baea8:   00000001000447c0 000000001c008000
0x00000000218baeb8:   000000001ae23a40 00000000218baf08
0x00000000218baec8:   000000001c008000 000000b66f010101
0x00000000218baed8:   00000000032d5d90 000000001ae23e28
0x00000000218baee8:   00000000000003d8 000000001ae23a50
0x00000000218baef8:   000000001ae23a40 000000001c008000
0x00000000218baf08:   0000000000000000 0000000000000000
0x00000000218baf18:   0000000000000000 00000000218bbc80
0x00000000218baf28:   000000001e56e310 00000000218bc150
0x00000000218baf38:   00000000150273d8 000000001c008000
0x00000000218baf48:   00000000218bc0d4 00000001000447c0
0x00000000218baf58:   00000001000447c0 00000000150273d8 

Instructions: (pc=0x000000005bd6ca34)
0x000000005bd6ca14:   b5 29 00 c3 cc cc cc cc cc cc cc cc 48 83 c8 ff
0x000000005bd6ca24:   c3 cc cc cc cc cc cc cc cc cc cc cc 48 8b 41 38
0x000000005bd6ca34:   48 8b 40 20 c3 cc cc cc cc cc cc cc 48 8b 41 38
0x000000005bd6ca44:   48 8b 40 18 c3 cc cc cc cc cc cc cc 48 8b 41 38 


Register to memory mapping:

RAX=0x0000000000000000 is an unknown value
RBX={method} {0x00000000150273e0} 'split' '(Ljava/lang/CharSequence;I)[Ljava/lang/String;' in 'java/util/regex/Pattern'
RCX={method} {0x00000000150273e0} 'split' '(Ljava/lang/CharSequence;I)[Ljava/lang/String;' in 'java/util/regex/Pattern'
RDX=0x00000001000447c0 is pointing into metadata
RSP=0x00000000218bae68 is pointing into the stack for thread: 0x000000001c008000
RBP=0x00000000218bafa0 is pointing into the stack for thread: 0x000000001c008000
RSI=0x0000000000000000 is an unknown value
RDI=0x00000000218baf38 is pointing into the stack for thread: 0x000000001c008000
R8 =0x0000000000000001 is an unknown value
R9 =0x0000000000000001 is an unknown value
R10=0x000000001eb1bc50 is an unknown value
R11=0x000000001eb1bc50 is an unknown value
R12=0x000000001c008000 is a thread
R13=0x000000001c008000 is a thread
R14={method} {0x00000000150273e0} 'split' '(Ljava/lang/CharSequence;I)[Ljava/lang/String;' in 'java/util/regex/Pattern'
R15=0x0000000017d31900 is an unknown value


Stack: [0x00000000217c0000,0x00000000218c0000],  sp=0x00000000218bae68,  free space=1003k
Native frames: (J=compiled Java code, j=interpreted, Vv=VM code, C=native code)
V  [jvm.dll+0x52ca34]

Java frames: (J=compiled Java code, j=interpreted, Vv=VM code)
v  ~RuntimeStub::resolve_opt_virtual_call
J 7083 C1 java.lang.String.split(Ljava/lang/String;I)[Ljava/lang/String; (326 bytes) @ 0x00000000032d8ad4 [0x00000000032d61e0+0x28f4]
J 12145 C1 java.lang.String.split(Ljava/lang/String;)[Ljava/lang/String; (7 bytes) @ 0x0000000002621bfc [0x0000000002621b00+0xfc]
j  org.jetbrains.kotlin.com.intellij.openapi.util.text.StringUtil.compareVersionNumbers(Ljava/lang/String;Ljava/lang/String;)I+26
j  org.jetbrains.kotlin.com.intellij.openapi.util.SystemInfo.isJavaVersionAtLeast(Ljava/lang/String;)Z+4
j  org.jetbrains.kotlin.cli.common.environment.UtilKt.setIdeaIoUseFallback()V+28
j  org.jetbrains.kotlin.cli.common.CLICompiler.execImpl(Lorg/jetbrains/kotlin/cli/common/messages/MessageCollector;Lorg/jetbrains/kotlin/config/Services;Lorg/jetbrains/kotlin/cli/common/arguments/CommonCompilerArguments;)Lorg/jetbrains/kotlin/cli/common/ExitCode;+151
j  org.jetbrains.kotlin.cli.common.CLICompiler.execImpl(Lorg/jetbrains/kotlin/cli/common/messages/MessageCollector;Lorg/jetbrains/kotlin/config/Services;Lorg/jetbrains/kotlin/cli/common/arguments/CommonToolArguments;)Lorg/jetbrains/kotlin/cli/common/ExitCode;+7
j  org.jetbrains.kotlin.cli.common.CLITool.exec(Lorg/jetbrains/kotlin/cli/common/messages/MessageCollector;Lorg/jetbrains/kotlin/config/Services;Lorg/jetbrains/kotlin/cli/common/arguments/CommonToolArguments;)Lorg/jetbrains/kotlin/cli/common/ExitCode;+76
j  org.jetbrains.kotlin.incremental.IncrementalJvmCompilerRunner.runCompiler(Ljava/util/Set;Lorg/jetbrains/kotlin/cli/common/arguments/K2JVMCompilerArguments;Lorg/jetbrains/kotlin/incremental/IncrementalJvmCachesManager;Lorg/jetbrains/kotlin/config/Services;Lorg/jetbrains/kotlin/cli/common/messages/MessageCollector;)Lorg/jetbrains/kotlin/cli/common/ExitCode;+172
j  org.jetbrains.kotlin.incremental.IncrementalJvmCompilerRunner.runCompiler(Ljava/util/Set;Lorg/jetbrains/kotlin/cli/common/arguments/CommonCompilerArguments;Lorg/jetbrains/kotlin/incremental/IncrementalCachesManager;Lorg/jetbrains/kotlin/config/Services;Lorg/jetbrains/kotlin/cli/common/messages/MessageCollector;)Lorg/jetbrains/kotlin/cli/common/ExitCode;+14
j  org.jetbrains.kotlin.incremental.IncrementalCompilerRunner.compileIncrementally(Lorg/jetbrains/kotlin/cli/common/arguments/CommonCompilerArguments;Lorg/jetbrains/kotlin/incremental/IncrementalCachesManager;Ljava/util/List;Lorg/jetbrains/kotlin/incremental/IncrementalCompilerRunner$CompilationMode;Lorg/jetbrains/kotlin/cli/common/messages/MessageCollector;)Lorg/jetbrains/kotlin/cli/common/ExitCode;+422
j  org.jetbrains.kotlin.incremental.IncrementalCompilerRunner.access$compileIncrementally(Lorg/jetbrains/kotlin/incremental/IncrementalCompilerRunner;Lorg/jetbrains/kotlin/cli/common/arguments/CommonCompilerArguments;Lorg/jetbrains/kotlin/incremental/IncrementalCachesManager;Ljava/util/List;Lorg/jetbrains/kotlin/incremental/IncrementalCompilerRunner$CompilationMode;Lorg/jetbrains/kotlin/cli/common/messages/MessageCollector;)Lorg/jetbrains/kotlin/cli/common/ExitCode;+8
j  org.jetbrains.kotlin.incremental.IncrementalCompilerRunner$compile$2.invoke()Lorg/jetbrains/kotlin/cli/common/ExitCode;+123
j  org.jetbrains.kotlin.incremental.IncrementalCompilerRunner.compile(Ljava/util/List;Lorg/jetbrains/kotlin/cli/common/arguments/CommonCompilerArguments;Lorg/jetbrains/kotlin/cli/common/messages/MessageCollector;Lkotlin/jvm/functions/Function1;)Lorg/jetbrains/kotlin/cli/common/ExitCode;+194
j  org.jetbrains.kotlin.daemon.CompileServiceImpl.execIncrementalCompiler(Lorg/jetbrains/kotlin/cli/common/arguments/K2JVMCompilerArguments;Lorg/jetbrains/kotlin/daemon/common/IncrementalCompilationOptions;Lorg/jetbrains/kotlin/daemon/common/IncrementalCompilerServicesFacade;Lorg/jetbrains/kotlin/daemon/common/CompilationResults;Lorg/jetbrains/kotlin/cli/common/messages/MessageCollector;Lorg/jetbrains/kotlin/daemon/report/DaemonMessageReporter;)Lorg/jetbrains/kotlin/cli/common/ExitCode;+980
j  org.jetbrains.kotlin.daemon.CompileServiceImpl.access$execIncrementalCompiler(Lorg/jetbrains/kotlin/daemon/CompileServiceImpl;Lorg/jetbrains/kotlin/cli/common/arguments/K2JVMCompilerArguments;Lorg/jetbrains/kotlin/daemon/common/IncrementalCompilationOptions;Lorg/jetbrains/kotlin/daemon/common/IncrementalCompilerServicesFacade;Lorg/jetbrains/kotlin/daemon/common/CompilationResults;Lorg/jetbrains/kotlin/cli/common/messages/MessageCollector;Lorg/jetbrains/kotlin/daemon/report/DaemonMessageReporter;)Lorg/jetbrains/kotlin/cli/common/ExitCode;+10
j  org.jetbrains.kotlin.daemon.CompileServiceImpl$compile$$inlined$ifAlive$lambda$2.invoke(Lorg/jetbrains/kotlin/daemon/EventManager;Lorg/jetbrains/kotlin/daemon/common/Profiler;)Lorg/jetbrains/kotlin/cli/common/ExitCode;+50
j  org.jetbrains.kotlin.daemon.CompileServiceImpl$compile$$inlined$ifAlive$lambda$2.invoke(Ljava/lang/Object;Ljava/lang/Object;)Ljava/lang/Object;+9
j  org.jetbrains.kotlin.daemon.CompileServiceImpl$doCompile$$inlined$ifAlive$lambda$2.invoke()I+12
j  org.jetbrains.kotlin.daemon.CompileServiceImpl$doCompile$$inlined$ifAlive$lambda$2.invoke()Ljava/lang/Object;+1
j  org.jetbrains.kotlin.daemon.common.DummyProfiler.withMeasure(Ljava/lang/Object;Lkotlin/jvm/functions/Function0;)Ljava/lang/Object;+7
j  org.jetbrains.kotlin.daemon.CompileServiceImpl.checkedCompile(Lorg/jetbrains/kotlin/daemon/report/DaemonMessageReporter;Lorg/jetbrains/kotlin/daemon/common/Profiler;Lkotlin/jvm/functions/Function0;)Ljava/lang/Object;+41
j  org.jetbrains.kotlin.daemon.CompileServiceImpl.doCompile(ILorg/jetbrains/kotlin/daemon/report/DaemonMessageReporter;Lorg/jetbrains/kotlin/daemon/common/RemoteOperationsTracer;Lkotlin/jvm/functions/Function2;)Lorg/jetbrains/kotlin/daemon/common/CompileService$CallResult;+300
j  org.jetbrains.kotlin.daemon.CompileServiceImpl.compile(I[Ljava/lang/String;Lorg/jetbrains/kotlin/daemon/common/CompilationOptions;Lorg/jetbrains/kotlin/daemon/common/CompilerServicesFacadeBase;Lorg/jetbrains/kotlin/daemon/common/CompilationResults;)Lorg/jetbrains/kotlin/daemon/common/CompileService$CallResult;+655
v  ~StubRoutines::call_stub
J 1508  sun.reflect.NativeMethodAccessorImpl.invoke0(Ljava/lang/reflect/Method;Ljava/lang/Object;[Ljava/lang/Object;)Ljava/lang/Object; (0 bytes) @ 0x0000000002297f7f [0x0000000002297f00+0x7f]
J 1507 C1 sun.reflect.NativeMethodAccessorImpl.invoke(Ljava/lang/Object;[Ljava/lang/Object;)Ljava/lang/Object; (104 bytes) @ 0x0000000002299964 [0x00000000022987c0+0x11a4]
J 3508 C2 java.lang.reflect.Method.invoke(Ljava/lang/Object;[Ljava/lang/Object;)Ljava/lang/Object; (62 bytes) @ 0x00000000028bee8c [0x00000000028bee00+0x8c]
j  sun.rmi.server.UnicastServerRef.dispatch(Ljava/rmi/Remote;Ljava/rmi/server/RemoteCall;)V+209
j  sun.rmi.transport.Transport$1.run()Ljava/lang/Void;+23
j  sun.rmi.transport.Transport$1.run()Ljava/lang/Object;+1
v  ~StubRoutines::call_stub
J 165  java.security.AccessController.doPrivileged(Ljava/security/PrivilegedExceptionAction;Ljava/security/AccessControlContext;)Ljava/lang/Object; (0 bytes) @ 0x0000000001f78fa6 [0x0000000001f78f40+0x66]
j  sun.rmi.transport.Transport.serviceCall(Ljava/rmi/server/RemoteCall;)Z+157
j  sun.rmi.transport.tcp.TCPTransport.handleMessages(Lsun/rmi/transport/Connection;Z)V+185
j  sun.rmi.transport.tcp.TCPTransport$ConnectionHandler.run0()V+680
j  sun.rmi.transport.tcp.TCPTransport$ConnectionHandler.lambda$run$0()Ljava/lang/Void;+1
j  sun.rmi.transport.tcp.TCPTransport$ConnectionHandler$$Lambda$5.run()Ljava/lang/Object;+4
v  ~StubRoutines::call_stub
J 10449  java.security.AccessController.doPrivileged(Ljava/security/PrivilegedAction;Ljava/security/AccessControlContext;)Ljava/lang/Object; (0 bytes) @ 0x0000000002c7fb26 [0x0000000002c7fac0+0x66]
j  sun.rmi.transport.tcp.TCPTransport$ConnectionHandler.run()V+58
j  java.util.concurrent.ThreadPoolExecutor.runWorker(Ljava/util/concurrent/ThreadPoolExecutor$Worker;)V+95
j  java.util.concurrent.ThreadPoolExecutor$Worker.run()V+5
j  java.lang.Thread.run()V+11
v  ~StubRoutines::call_stub

---------------  P R O C E S S  ---------------

Java Threads: ( => current thread )
  0x000000001c006800 JavaThread "RMI RenewClean-[127.0.0.1:58865,org.jetbrains.kotlin.daemon.common.LoopbackNetworkInterface$ClientLoopbackSocketFactory@3e95bf0e]" daemon [_thread_blocked, id=4988, stack(0x00000000218c0000,0x00000000219c0000)]
=>0x000000001c008000 JavaThread "RMI TCP Connection(39)-127.0.0.1" daemon [_thread_in_vm, id=5048, stack(0x00000000217c0000,0x00000000218c0000)]
  0x000000001c000800 JavaThread "RMI RenewClean-[127.0.0.1:58865,org.jetbrains.kotlin.daemon.common.LoopbackNetworkInterface$ClientLoopbackSocketFactory@7f7fcc8e]" daemon [_thread_blocked, id=4628, stack(0x00000000216c0000,0x00000000217c0000)]
  0x000000001c002800 JavaThread "RMI TCP Connection(38)-127.0.0.1" daemon [_thread_in_native, id=3396, stack(0x0000000018750000,0x0000000018850000)]
  0x000000001bffb000 JavaThread "RMI TCP Connection(37)-127.0.0.1" daemon [_thread_in_native, id=2116, stack(0x0000000018450000,0x0000000018550000)]
  0x000000001c002000 JavaThread "RMI RenewClean-[127.0.0.1:58865,org.jetbrains.kotlin.daemon.common.LoopbackNetworkInterface$ClientLoopbackSocketFactory@5d12739a]" daemon [_thread_blocked, id=4668, stack(0x000000001fd00000,0x000000001fe00000)]
  0x000000001bfff000 JavaThread "RMI RenewClean-[127.0.0.1:58865,org.jetbrains.kotlin.daemon.common.LoopbackNetworkInterface$ClientLoopbackSocketFactory@1ae30302]" daemon [_thread_blocked, id=3772, stack(0x00000000213c0000,0x00000000214c0000)]
  0x000000001c001000 JavaThread "RMI RenewClean-[127.0.0.1:58865,org.jetbrains.kotlin.daemon.common.LoopbackNetworkInterface$ClientLoopbackSocketFactory@61ee1aed]" daemon [_thread_blocked, id=3548, stack(0x000000001fc00000,0x000000001fd00000)]
  0x000000001bffa800 JavaThread "RMI RenewClean-[127.0.0.1:58865,org.jetbrains.kotlin.daemon.common.LoopbackNetworkInterface$ClientLoopbackSocketFactory@46234430]" daemon [_thread_blocked, id=912, stack(0x000000001fb00000,0x000000001fc00000)]
  0x000000001bffc800 JavaThread "RMI RenewClean-[127.0.0.1:58865,org.jetbrains.kotlin.daemon.common.LoopbackNetworkInterface$ClientLoopbackSocketFactory@5f6a3552]" daemon [_thread_blocked, id=3976, stack(0x0000000019050000,0x0000000019150000)]
  0x000000001a6ff800 JavaThread "RMI RenewClean-[127.0.0.1:58865,org.jetbrains.kotlin.daemon.common.LoopbackNetworkInterface$ClientLoopbackSocketFactory@6b108d14]" daemon [_thread_blocked, id=4728, stack(0x0000000018f50000,0x0000000019050000)]
  0x000000001a703800 JavaThread "RMI RenewClean-[127.0.0.1:58865,org.jetbrains.kotlin.daemon.common.LoopbackNetworkInterface$ClientLoopbackSocketFactory@3cd4ef8e]" daemon [_thread_blocked, id=1976, stack(0x000000001f5b0000,0x000000001f6b0000)]
  0x0000000017c9c000 JavaThread "RMI Scheduler(0)" daemon [_thread_blocked, id=3496, stack(0x0000000018e50000,0x0000000018f50000)]
  0x0000000001c0e000 JavaThread "DestroyJavaVM" [_thread_blocked, id=3876, stack(0x0000000001c10000,0x0000000001d10000)]
  0x0000000017c6c800 JavaThread "GC Daemon" daemon [_thread_blocked, id=3840, stack(0x0000000018650000,0x0000000018750000)]
  0x0000000017be3000 JavaThread "RMI Reaper" [_thread_blocked, id=3280, stack(0x0000000018550000,0x0000000018650000)]
  0x0000000017b88000 JavaThread "Timer-0" daemon [_thread_blocked, id=3668, stack(0x0000000018350000,0x0000000018450000)]
  0x0000000017b84800 JavaThread "RMI TCP Accept-17392" daemon [_thread_in_native, id=1656, stack(0x0000000018250000,0x0000000018350000)]
  0x0000000017198800 JavaThread "Service Thread" daemon [_thread_blocked, id=3156, stack(0x0000000017570000,0x0000000017670000)]
  0x0000000015789000 JavaThread "C1 CompilerThread2" daemon [_thread_blocked, id=2056, stack(0x0000000017070000,0x0000000017170000)]
  0x000000001577f000 JavaThread "C2 CompilerThread1" daemon [_thread_blocked, id=2232, stack(0x0000000016f70000,0x0000000017070000)]
  0x000000001577b000 JavaThread "C2 CompilerThread0" daemon [_thread_blocked, id=3860, stack(0x0000000016e70000,0x0000000016f70000)]
  0x0000000015786000 JavaThread "Attach Listener" daemon [_thread_blocked, id=3480, stack(0x0000000016d70000,0x0000000016e70000)]
  0x0000000015784800 JavaThread "Signal Dispatcher" daemon [_thread_blocked, id=3232, stack(0x0000000016c70000,0x0000000016d70000)]
  0x0000000015769800 JavaThread "Finalizer" daemon [_thread_blocked, id=964, stack(0x00000000169f0000,0x0000000016af0000)]
  0x0000000001e01000 JavaThread "Reference Handler" daemon [_thread_blocked, id=484, stack(0x00000000168f0000,0x00000000169f0000)]

Other Threads:
  0x0000000015746800 VMThread [stack: 0x00000000167f0000,0x00000000168f0000] [id=2640]
  0x00000000157c0000 WatcherThread [stack: 0x0000000017670000,0x0000000017770000] [id=3904]

VM state:not at safepoint (normal execution)

VM Mutex/Monitor currently owned by a thread: None

Heap:
 PSYoungGen      total 465920K, used 195200K [0x00000000e0000000, 0x0000000100000000, 0x0000000100000000)
  eden space 406528K, 45% used [0x00000000e0000000,0x00000000eb477090,0x00000000f8d00000)
  from space 59392K, 17% used [0x00000000fc600000,0x00000000fd0291e8,0x0000000100000000)
  to   space 58368K, 0% used [0x00000000f8d00000,0x00000000f8d00000,0x00000000fc600000)
 ParOldGen       total 182272K, used 105757K [0x00000000a0000000, 0x00000000ab200000, 0x00000000e0000000)
  object space 182272K, 58% used [0x00000000a0000000,0x00000000a6747620,0x00000000ab200000)
 Metaspace       used 61410K, capacity 63456K, committed 63576K, reserved 1105920K
  class space    used 7119K, capacity 7712K, committed 7808K, reserved 1048576K

Card table byte_map: [0x00000000111d0000,0x00000000114e0000] byte_map_base: 0x0000000010cd0000

Marking Bits: (ParMarkBitMap*) 0x000000005c005aa0
 Begin Bits: [0x0000000011ae0000, 0x00000000132e0000)
 End Bits:   [0x00000000132e0000, 0x0000000014ae0000)

Polling page: 0x0000000001b80000

CodeCache: size=245760Kb used=49698Kb max_used=50043Kb free=196061Kb
 bounds [0x0000000001e10000, 0x0000000004f30000, 0x0000000010e10000]
 total_blobs=13355 nmethods=12836 adapters=428
 compilation: enabled

Compilation events (10 events):
Event: 3014.338 Thread 0x0000000015789000 15344       1       org.jetbrains.kotlin.com.intellij.util.io.PersistentBTreeEnumerator::access$700 (5 bytes)
Event: 3014.338 Thread 0x0000000015789000 nmethod 15344 0x0000000002ee34d0 code [0x0000000002ee3620, 0x0000000002ee3710]
Event: 3014.338 Thread 0x0000000015789000 15345       1       org.jetbrains.kotlin.com.intellij.util.io.PersistentBTreeEnumerator::access$400 (5 bytes)
Event: 3014.338 Thread 0x0000000015789000 nmethod 15345 0x000000000207ccd0 code [0x000000000207ce20, 0x000000000207cf10]
Event: 3014.371 Thread 0x000000001577b000 15346   !   4       org.jetbrains.kotlin.com.intellij.util.io.IOUtil::writeUTFFast (236 bytes)
Event: 3014.381 Thread 0x0000000015789000 15347       3       java.security.MessageDigestSpi::<init> (5 bytes)
Event: 3014.381 Thread 0x0000000015789000 nmethod 15347 0x0000000003221690 code [0x00000000032217e0, 0x0000000003221990]
Event: 3014.388 Thread 0x000000001577b000 nmethod 15346 0x00000000032e6f90 code [0x00000000032e7120, 0x00000000032e7f98]
Event: 3014.905 Thread 0x000000001577f000 15348       4       java.io.ExpiringCache::entryFor (57 bytes)
Event: 3014.918 Thread 0x000000001577f000 nmethod 15348 0x00000000032ddb50 code [0x00000000032ddce0, 0x00000000032de468]

GC Heap History (10 events):
Event: 690.652 GC heap before
{Heap before GC invocations=22 (full 4):
 PSYoungGen      total 245248K, used 211968K [0x00000000e0000000, 0x00000000f8980000, 0x0000000100000000)
  eden space 211968K, 100% used [0x00000000e0000000,0x00000000ecf00000,0x00000000ecf00000)
  from space 33280K, 0% used [0x00000000ecf00000,0x00000000ecf00000,0x00000000eef80000)
  to   space 48640K, 0% used [0x00000000f5a00000,0x00000000f5a00000,0x00000000f8980000)
 ParOldGen       total 182272K, used 58094K [0x00000000a0000000, 0x00000000ab200000, 0x00000000e0000000)
  object space 182272K, 31% used [0x00000000a0000000,0x00000000a38bb928,0x00000000ab200000)
 Metaspace       used 55968K, capacity 57492K, committed 57816K, reserved 1099776K
  class space    used 6685K, capacity 7076K, committed 7168K, reserved 1048576K
Event: 690.675 GC heap after
Heap after GC invocations=22 (full 4):
 PSYoungGen      total 292352K, used 16171K [0x00000000e0000000, 0x00000000f6a00000, 0x0000000100000000)
  eden space 275968K, 0% used [0x00000000e0000000,0x00000000e0000000,0x00000000f0d80000)
  from space 16384K, 98% used [0x00000000f5a00000,0x00000000f69cac98,0x00000000f6a00000)
  to   space 46080K, 0% used [0x00000000f1000000,0x00000000f1000000,0x00000000f3d00000)
 ParOldGen       total 182272K, used 58102K [0x00000000a0000000, 0x00000000ab200000, 0x00000000e0000000)
  object space 182272K, 31% used [0x00000000a0000000,0x00000000a38bd928,0x00000000ab200000)
 Metaspace       used 55968K, capacity 57492K, committed 57816K, reserved 1099776K
  class space    used 6685K, capacity 7076K, committed 7168K, reserved 1048576K
}
Event: 1454.709 GC heap before
{Heap before GC invocations=23 (full 4):
 PSYoungGen      total 292352K, used 292139K [0x00000000e0000000, 0x00000000f6a00000, 0x0000000100000000)
  eden space 275968K, 100% used [0x00000000e0000000,0x00000000f0d80000,0x00000000f0d80000)
  from space 16384K, 98% used [0x00000000f5a00000,0x00000000f69cac98,0x00000000f6a00000)
  to   space 46080K, 0% used [0x00000000f1000000,0x00000000f1000000,0x00000000f3d00000)
 ParOldGen       total 182272K, used 58102K [0x00000000a0000000, 0x00000000ab200000, 0x00000000e0000000)
  object space 182272K, 31% used [0x00000000a0000000,0x00000000a38bd928,0x00000000ab200000)
 Metaspace       used 57192K, capacity 58764K, committed 58968K, reserved 1101824K
  class space    used 6767K, capacity 7194K, committed 7296K, reserved 1048576K
Event: 1454.814 GC heap after
Heap after GC invocations=23 (full 4):
 PSYoungGen      total 324608K, used 46063K [0x00000000e0000000, 0x00000000fc580000, 0x0000000100000000)
  eden space 278528K, 0% used [0x00000000e0000000,0x00000000e0000000,0x00000000f1000000)
  from space 46080K, 99% used [0x00000000f1000000,0x00000000f3cfbd18,0x00000000f3d00000)
  to   space 55808K, 0% used [0x00000000f8f00000,0x00000000f8f00000,0x00000000fc580000)
 ParOldGen       total 182272K, used 64710K [0x00000000a0000000, 0x00000000ab200000, 0x00000000e0000000)
  object space 182272K, 35% used [0x00000000a0000000,0x00000000a3f31bf8,0x00000000ab200000)
 Metaspace       used 57192K, capacity 58764K, committed 58968K, reserved 1101824K
  class space    used 6767K, capacity 7194K, committed 7296K, reserved 1048576K
}
Event: 1954.433 GC heap before
{Heap before GC invocations=24 (full 4):
 PSYoungGen      total 324608K, used 324591K [0x00000000e0000000, 0x00000000fc580000, 0x0000000100000000)
  eden space 278528K, 100% used [0x00000000e0000000,0x00000000f1000000,0x00000000f1000000)
  from space 46080K, 99% used [0x00000000f1000000,0x00000000f3cfbd18,0x00000000f3d00000)
  to   space 55808K, 0% used [0x00000000f8f00000,0x00000000f8f00000,0x00000000fc580000)
 ParOldGen       total 182272K, used 64710K [0x00000000a0000000, 0x00000000ab200000, 0x00000000e0000000)
  object space 182272K, 35% used [0x00000000a0000000,0x00000000a3f31bf8,0x00000000ab200000)
 Metaspace       used 58224K, capacity 59854K, committed 60120K, reserved 1101824K
  class space    used 6833K, capacity 7299K, committed 7424K, reserved 1048576K
Event: 1954.573 GC heap after
Heap after GC invocations=24 (full 4):
 PSYoungGen      total 404480K, used 35038K [0x00000000e0000000, 0x00000000fc500000, 0x0000000100000000)
  eden space 349184K, 0% used [0x00000000e0000000,0x00000000e0000000,0x00000000f5500000)
  from space 55296K, 63% used [0x00000000f8f00000,0x00000000fb137940,0x00000000fc500000)
  to   space 57344K, 0% used [0x00000000f5500000,0x00000000f5500000,0x00000000f8d00000)
 ParOldGen       total 182272K, used 100326K [0x00000000a0000000, 0x00000000ab200000, 0x00000000e0000000)
  object space 182272K, 55% used [0x00000000a0000000,0x00000000a61f9870,0x00000000ab200000)
 Metaspace       used 58224K, capacity 59854K, committed 60120K, reserved 1101824K
  class space    used 6833K, capacity 7299K, committed 7424K, reserved 1048576K
}
Event: 2150.037 GC heap before
{Heap before GC invocations=25 (full 4):
 PSYoungGen      total 404480K, used 384222K [0x00000000e0000000, 0x00000000fc500000, 0x0000000100000000)
  eden space 349184K, 100% used [0x00000000e0000000,0x00000000f5500000,0x00000000f5500000)
  from space 55296K, 63% used [0x00000000f8f00000,0x00000000fb137940,0x00000000fc500000)
  to   space 57344K, 0% used [0x00000000f5500000,0x00000000f5500000,0x00000000f8d00000)
 ParOldGen       total 182272K, used 100326K [0x00000000a0000000, 0x00000000ab200000, 0x00000000e0000000)
  object space 182272K, 55% used [0x00000000a0000000,0x00000000a61f9870,0x00000000ab200000)
 Metaspace       used 59497K, capacity 61338K, committed 61528K, reserved 1103872K
  class space    used 6954K, capacity 7463K, committed 7552K, reserved 1048576K
Event: 2150.104 GC heap after
Heap after GC invocations=25 (full 4):
 PSYoungGen      total 406528K, used 39036K [0x00000000e0000000, 0x0000000100000000, 0x0000000100000000)
  eden space 349184K, 0% used [0x00000000e0000000,0x00000000e0000000,0x00000000f5500000)
  from space 57344K, 68% used [0x00000000f5500000,0x00000000f7b1f320,0x00000000f8d00000)
  to   space 59392K, 0% used [0x00000000fc600000,0x00000000fc600000,0x0000000100000000)
 ParOldGen       total 182272K, used 100606K [0x00000000a0000000, 0x00000000ab200000, 0x00000000e0000000)
  object space 182272K, 55% used [0x00000000a0000000,0x00000000a623f8c0,0x00000000ab200000)
 Metaspace       used 59497K, capacity 61338K, committed 61528K, reserved 1103872K
  class space    used 6954K, capacity 7463K, committed 7552K, reserved 1048576K
}
Event: 2580.115 GC heap before
{Heap before GC invocations=26 (full 4):
 PSYoungGen      total 406528K, used 388220K [0x00000000e0000000, 0x0000000100000000, 0x0000000100000000)
  eden space 349184K, 100% used [0x00000000e0000000,0x00000000f5500000,0x00000000f5500000)
  from space 57344K, 68% used [0x00000000f5500000,0x00000000f7b1f320,0x00000000f8d00000)
  to   space 59392K, 0% used [0x00000000fc600000,0x00000000fc600000,0x0000000100000000)
 ParOldGen       total 182272K, used 100606K [0x00000000a0000000, 0x00000000ab200000, 0x00000000e0000000)
  object space 182272K, 55% used [0x00000000a0000000,0x00000000a623f8c0,0x00000000ab200000)
 Metaspace       used 60744K, capacity 62706K, committed 62936K, reserved 1103872K
  class space    used 7063K, capacity 7639K, committed 7680K, reserved 1048576K
Event: 2580.137 GC heap after
Heap after GC invocations=26 (full 4):
 PSYoungGen      total 465920K, used 10404K [0x00000000e0000000, 0x0000000100000000, 0x0000000100000000)
  eden space 406528K, 0% used [0x00000000e0000000,0x00000000e0000000,0x00000000f8d00000)
  from space 59392K, 17% used [0x00000000fc600000,0x00000000fd0291e8,0x0000000100000000)
  to   space 58368K, 0% used [0x00000000f8d00000,0x00000000f8d00000,0x00000000fc600000)
 ParOldGen       total 182272K, used 105757K [0x00000000a0000000, 0x00000000ab200000, 0x00000000e0000000)
  object space 182272K, 58% used [0x00000000a0000000,0x00000000a6747620,0x00000000ab200000)
 Metaspace       used 60744K, capacity 62706K, committed 62936K, reserved 1103872K
  class space    used 7063K, capacity 7639K, committed 7680K, reserved 1048576K
}

Deoptimization events (10 events):
Event: 2888.555 Thread 0x000000001c000800 Uncommon trap: reason=array_check action=maybe_recompile pc=0x00000000028be070 method=java.util.AbstractCollection.toArray([Ljava/lang/Object;)[Ljava/lang/Object; @ 119
Event: 2888.555 Thread 0x000000001c000800 Uncommon trap: reason=array_check action=maybe_recompile pc=0x00000000028be070 method=java.util.AbstractCollection.toArray([Ljava/lang/Object;)[Ljava/lang/Object; @ 119
Event: 2888.593 Thread 0x000000001c000800 Uncommon trap: reason=array_check action=maybe_recompile pc=0x00000000028be070 method=java.util.AbstractCollection.toArray([Ljava/lang/Object;)[Ljava/lang/Object; @ 119
Event: 2992.210 Thread 0x000000001c002800 Uncommon trap: reason=unstable_if action=reinterpret pc=0x0000000004e5f400 method=org.jetbrains.kotlin.com.intellij.openapi.util.text.StringUtil.isLineBreak(C)Z @ 3
Event: 2992.210 Thread 0x000000001c002800 Uncommon trap: reason=unstable_if action=reinterpret pc=0x0000000004e57050 method=org.jetbrains.kotlin.com.intellij.openapi.util.text.StringUtil.isLineBreak(C)Z @ 3
Event: 3013.185 Thread 0x000000001c008000 Uncommon trap: reason=unstable_if action=reinterpret pc=0x00000000026871dc method=java.util.HashMap.putVal(ILjava/lang/Object;Ljava/lang/Object;ZZ)Ljava/lang/Object; @ 162
Event: 3013.321 Thread 0x000000001c008000 Uncommon trap: reason=class_check action=maybe_recompile pc=0x0000000002064314 method=sun.security.provider.DigestBase.engineUpdate([BII)V @ 128
Event: 3013.651 Thread 0x000000001c008000 Uncommon trap: reason=class_check action=maybe_recompile pc=0x0000000002064314 method=sun.security.provider.DigestBase.engineUpdate([BII)V @ 128
Event: 3013.930 Thread 0x000000001c008000 Uncommon trap: reason=class_check action=maybe_recompile pc=0x0000000002064314 method=sun.security.provider.DigestBase.engineUpdate([BII)V @ 128
Event: 3014.102 Thread 0x000000001c008000 Uncommon trap: reason=class_check action=maybe_recompile pc=0x0000000002064314 method=sun.security.provider.DigestBase.engineUpdate([BII)V @ 128

Classes redefined (0 events):
No events

Internal exceptions (10 events):
Event: 2057.621 Thread 0x000000001bffe000 Implicit null exception at 0x00000000047d94db to 0x00000000047db379
Event: 2148.983 Thread 0x000000001bffe000 Exception <a 'sun/nio/fs/WindowsException'> (0x00000000ee6f43b0) thrown at [D:\src\AOSP-openjdk-cygwin\jdk8u\hotspot\src\share\vm\prims\jni.cpp, line 709]
Event: 2270.332 Thread 0x000000001bff9000 Exception <a 'sun/nio/fs/WindowsException'> (0x00000000e3252a50) thrown at [D:\src\AOSP-openjdk-cygwin\jdk8u\hotspot\src\share\vm\prims\jni.cpp, line 709]
Event: 2559.084 Thread 0x000000001c002000 Exception <a 'java/lang/InterruptedException'> (0x00000000ec6f1228) thrown at [D:\src\AOSP-openjdk-cygwin\jdk8u\hotspot\src\share\vm\runtime\objectMonitor.cpp, line 1684]
Event: 2559.102 Thread 0x000000001bff9000 Exception <a 'sun/nio/fs/WindowsException'> (0x00000000ec7de788) thrown at [D:\src\AOSP-openjdk-cygwin\jdk8u\hotspot\src\share\vm\prims\jni.cpp, line 709]
Event: 2887.307 Thread 0x000000001c002000 Exception <a 'java/lang/InterruptedException'> (0x00000000e0588458) thrown at [D:\src\AOSP-openjdk-cygwin\jdk8u\hotspot\src\share\vm\runtime\objectMonitor.cpp, line 1684]
Event: 2887.322 Thread 0x000000001c000800 Exception <a 'sun/nio/fs/WindowsException'> (0x00000000e066d4c8) thrown at [D:\src\AOSP-openjdk-cygwin\jdk8u\hotspot\src\share\vm\prims\jni.cpp, line 709]
Event: 2992.136 Thread 0x000000001c000800 Exception <a 'java/lang/InterruptedException'> (0x00000000e981e5c8) thrown at [D:\src\AOSP-openjdk-cygwin\jdk8u\hotspot\src\share\vm\runtime\objectMonitor.cpp, line 1684]
Event: 2992.223 Thread 0x000000001c002800 Exception <a 'sun/nio/fs/WindowsException'> (0x00000000eaf4bf58) thrown at [D:\src\AOSP-openjdk-cygwin\jdk8u\hotspot\src\share\vm\prims\jni.cpp, line 709]
Event: 3013.323 Thread 0x000000001c008000 Exception <a 'sun/nio/fs/WindowsException'> (0x00000000eb2ca5c0) thrown at [D:\src\AOSP-openjdk-cygwin\jdk8u\hotspot\src\share\vm\prims\jni.cpp, line 709]

Events (10 events):
Event: 3013.930 Thread 0x000000001c008000 Uncommon trap: trap_request=0xffffffde fr.pc=0x0000000002064314
Event: 3013.930 Thread 0x000000001c008000 DEOPT PACKING pc=0x0000000002064314 sp=0x00000000218bc300
Event: 3013.930 Thread 0x000000001c008000 DEOPT UNPACKING pc=0x0000000001e5557b sp=0x00000000218bc2e0 mode 2
Event: 3014.102 Thread 0x000000001c008000 Uncommon trap: trap_request=0xffffffde fr.pc=0x0000000002064314
Event: 3014.102 Thread 0x000000001c008000 DEOPT PACKING pc=0x0000000002064314 sp=0x00000000218bc300
Event: 3014.102 Thread 0x000000001c008000 DEOPT UNPACKING pc=0x0000000001e5557b sp=0x00000000218bc2e0 mode 2
Event: 3014.371 Thread 0x000000001c008000 DEOPT PACKING pc=0x0000000003a262a4 sp=0x00000000218bbcc0
Event: 3014.371 Thread 0x000000001c008000 DEOPT UNPACKING pc=0x0000000001e575d0 sp=0x00000000218bbb08 mode 0
Event: 3015.207 loading class org/jetbrains/kotlin/incremental/IncrementalCompilerRunner$CompilationMode$Rebuild$1
Event: 3015.208 loading class org/jetbrains/kotlin/incremental/IncrementalCompilerRunner$CompilationMode$Rebuild$1 done


Dynamic libraries:
0x00007ff6f01d0000 - 0x00007ff6f0201000 	C:\Program Files\Android\Android Studio\jre\jre\bin\java.exe
0x00007ffc68a10000 - 0x00007ffc68bbc000 	C:\Windows\SYSTEM32\ntdll.dll
0x00007ffc66b80000 - 0x00007ffc66cbe000 	C:\Windows\system32\KERNEL32.DLL
0x00007ffc65f70000 - 0x00007ffc66085000 	C:\Windows\system32\KERNELBASE.dll
0x00007ffc66910000 - 0x00007ffc669ba000 	C:\Windows\system32\ADVAPI32.dll
0x00007ffc66090000 - 0x00007ffc66207000 	C:\Windows\system32\USER32.dll
0x00007ffc65720000 - 0x00007ffc6599b000 	C:\Windows\WinSxS\amd64_microsoft.windows.common-controls_6595b64144ccf1df_6.0.9600.17415_none_6240486fecbd8abb\COMCTL32.dll
0x00007ffc685a0000 - 0x00007ffc6864a000 	C:\Windows\system32\msvcrt.dll
0x00007ffc681f0000 - 0x00007ffc68249000 	C:\Windows\SYSTEM32\sechost.dll
0x00007ffc682b0000 - 0x00007ffc683f1000 	C:\Windows\system32\RPCRT4.dll
0x00007ffc68650000 - 0x00007ffc687a1000 	C:\Windows\system32\GDI32.dll
0x00007ffc66230000 - 0x00007ffc66266000 	C:\Windows\system32\IMM32.DLL
0x00007ffc664b0000 - 0x00007ffc66603000 	C:\Windows\system32\MSCTF.dll
0x000000005b760000 - 0x000000005b832000 	C:\Program Files\Android\Android Studio\jre\jre\bin\msvcr100.dll
0x000000005b840000 - 0x000000005c081000 	C:\Program Files\Android\Android Studio\jre\jre\bin\server\jvm.dll
0x00007ffc631b0000 - 0x00007ffc631b9000 	C:\Windows\SYSTEM32\WSOCK32.dll
0x00007ffc62d20000 - 0x00007ffc62d42000 	C:\Windows\SYSTEM32\WINMM.dll
0x00007ffc627e0000 - 0x00007ffc627ea000 	C:\Windows\SYSTEM32\VERSION.dll
0x00007ffc669c0000 - 0x00007ffc669c7000 	C:\Windows\system32\PSAPI.DLL
0x00007ffc666d0000 - 0x00007ffc6672a000 	C:\Windows\system32\WS2_32.dll
0x00007ffc60c80000 - 0x00007ffc60caa000 	C:\Windows\SYSTEM32\WINMMBASE.dll
0x00007ffc681e0000 - 0x00007ffc681e9000 	C:\Windows\system32\NSI.dll
0x00007ffc65c30000 - 0x00007ffc65c7f000 	C:\Windows\SYSTEM32\cfgmgr32.dll
0x00007ffc644a0000 - 0x00007ffc644c8000 	C:\Windows\SYSTEM32\DEVOBJ.dll
0x00007ffc62e70000 - 0x00007ffc62e7f000 	C:\Program Files\Android\Android Studio\jre\jre\bin\verify.dll
0x00007ffc62970000 - 0x00007ffc62999000 	C:\Program Files\Android\Android Studio\jre\jre\bin\java.dll
0x00007ffc62a50000 - 0x00007ffc62a66000 	C:\Program Files\Android\Android Studio\jre\jre\bin\zip.dll
0x00007ffc66cc0000 - 0x00007ffc681d9000 	C:\Windows\system32\SHELL32.dll
0x00007ffc66280000 - 0x00007ffc66491000 	C:\Windows\SYSTEM32\combase.dll
0x00007ffc68250000 - 0x00007ffc682a4000 	C:\Windows\system32\SHLWAPI.dll
0x00007ffc64010000 - 0x00007ffc640c2000 	C:\Windows\SYSTEM32\SHCORE.dll
0x00007ffc65b60000 - 0x00007ffc65b75000 	C:\Windows\SYSTEM32\profapi.dll
0x00007ffc5f890000 - 0x00007ffc5f89d000 	C:\Program Files\Android\Android Studio\jre\jre\bin\management.dll
0x00007ffc5f8c0000 - 0x00007ffc5f8da000 	C:\Program Files\Android\Android Studio\jre\jre\bin\net.dll
0x00007ffc650c0000 - 0x00007ffc65119000 	C:\Windows\system32\mswsock.dll
0x00007ffc5f8a0000 - 0x00007ffc5f8b1000 	C:\Program Files\Android\Android Studio\jre\jre\bin\nio.dll
0x00007ffc65120000 - 0x00007ffc65140000 	C:\Windows\SYSTEM32\CRYPTSP.dll
0x00007ffc64cd0000 - 0x00007ffc64d06000 	C:\Windows\system32\rsaenh.dll
0x00007ffc65370000 - 0x00007ffc65396000 	C:\Windows\SYSTEM32\bcrypt.dll
0x00007ffc64de0000 - 0x00007ffc64e01000 	C:\Windows\SYSTEM32\USERENV.dll
0x00007ffc65a30000 - 0x00007ffc65a93000 	C:\Windows\system32\bcryptprimitives.dll
0x00007ffc65aa0000 - 0x00007ffc65aab000 	C:\Windows\SYSTEM32\CRYPTBASE.dll
0x00007ffc5ede0000 - 0x00007ffc5ee0a000 	C:\Windows\SYSTEM32\IPHLPAPI.DLL
0x00007ffc5ed70000 - 0x00007ffc5ed7a000 	C:\Windows\SYSTEM32\WINNSI.DLL
0x00007ffc5e990000 - 0x00007ffc5e9a6000 	C:\Windows\SYSTEM32\dhcpcsvc6.DLL
0x00007ffc5ea20000 - 0x00007ffc5ea3a000 	C:\Windows\SYSTEM32\dhcpcsvc.DLL
0x00007ffc58450000 - 0x00007ffc585da000 	C:\Windows\SYSTEM32\dbghelp.dll

VM Arguments:
jvm_args: -Djava.awt.headless=true -Djava.rmi.server.hostname=127.0.0.1 -Xmx1536m -Dkotlin.environment.keepalive 
java_command: org.jetbrains.kotlin.daemon.KotlinCompileDaemon --daemon-runFilesPath C:\Users\selvin~\AppData\Local\kotlin\daemon --daemon-autoshutdownIdleSeconds=7200 --daemon-compilerClasspath C:\Users\selvin~\.gradle\caches\modules-2\files-2.1\org.jetbrains.kotlin\kotlin-compiler-embeddable\1.2.0\17eefd45a8efe1fd7d537d3f8e981f6d76c5ae0e\kotlin-compiler-embeddable-1.2.0.jar;C:\Users\selvin~\.gradle\caches\modules-2\files-2.1\org.jetbrains.kotlin\kotlin-stdlib\1.2.61\5bc44acc4b3f0d19166ae3e50454b41e8ff29335\kotlin-stdlib-1.2.61.jar;C:\Users\selvin~\.gradle\caches\modules-2\files-2.1\org.jetbrains.kotlin\kotlin-script-runtime\1.2.0\269ab8b6a2d55c23dbf2e317a1af2b4c7e8d54b6\kotlin-script-runtime-1.2.0.jar;C:\Users\selvin~\.gradle\caches\modules-2\files-2.1\org.jetbrains.kotlin\kotlin-reflect\1.2.0\4bbda3b5425aa38a9f6960468a29c5ef3e8a28c9\kotlin-reflect-1.2.0.jar;C:\Program Files\Android\Android Studio\jre\lib\tools.jar
java_class_path (initial): C:\Users\selvin~\.gradle\caches\modules-2\files-2.1\org.jetbrains.kotlin\kotlin-compiler-embeddable\1.2.0\17eefd45a8efe1fd7d537d3f8e981f6d76c5ae0e\kotlin-compiler-embeddable-1.2.0.jar;C:\Users\selvin~\.gradle\caches\modules-2\files-2.1\org.jetbrains.kotlin\kotlin-stdlib\1.2.61\5bc44acc4b3f0d19166ae3e50454b41e8ff29335\kotlin-stdlib-1.2.61.jar;C:\Users\selvin~\.gradle\caches\modules-2\files-2.1\org.jetbrains.kotlin\kotlin-script-runtime\1.2.0\269ab8b6a2d55c23dbf2e317a1af2b4c7e8d54b6\kotlin-script-runtime-1.2.0.jar;C:\Users\selvin~\.gradle\caches\modules-2\files-2.1\org.jetbrains.kotlin\kotlin-reflect\1.2.0\4bbda3b5425aa38a9f6960468a29c5ef3e8a28c9\kotlin-reflect-1.2.0.jar;C:\Program Files\Android\Android Studio\jre\lib\tools.jar
Launcher Type: SUN_STANDARD

Environment Variables:
JAVA_HOME=C:\Program Files\Java\jdk1.8.0_191
PATH=C:\Program Files (x86)\Common Files\Oracle\Java\javapath;C:\Windows\system32;C:\Windows;C:\Windows\System32\Wbem;C:\Windows\System32\WindowsPowerShell\v1.0\;C:\Program Files\Git\cmd;C:\Program Files\dotnet\;C:\Program Files\Java\jdk1.8.0_191\bin\;C:\Program Files (x86)\Android\android-sdk\platform-tools;C:\Program Files\nodejs\;C:\Users\selvin~\AppData\Roaming\npm
USERNAME=selvin~
OS=Windows_NT
PROCESSOR_IDENTIFIER=Intel64 Family 6 Model 78 Stepping 3, GenuineIntel



---------------  S Y S T E M  ---------------

OS: Windows 8.1 , 64 bit Build 9600 (6.3.9600.17415)

CPU:total 4 (initial active 4) (2 cores per cpu, 2 threads per core) family 6 model 78 stepping 3, cmov, cx8, fxsr, mmx, sse, sse2, sse3, ssse3, sse4.1, sse4.2, popcnt, avx, avx2, aes, clmul, erms, rtm, 3dnowpref, lzcnt, ht, tsc, tscinvbit, bmi1, bmi2, adx

Memory: 4k page, physical 8292352k(1065028k free), swap 16680960k(8664256k free)

vm_info: OpenJDK 64-Bit Server VM (25.152-b01) for windows-amd64 JRE (1.8.0_152-release-1343-b01), built by "builder" with MS VC++ 10.0 (VS2010)

time: Sun Jul 28 16:40:44 2019
elapsed time: 3015 seconds (0d 0h 50m 15s)

